TN:
SF:script/DeployRaffle.s.sol
DA:12,0
FN:12,DeployRaffle.setUp
FNDA:0,DeployRaffle.setUp
DA:16,0
FN:16,DeployRaffle.run
FNDA:0,DeployRaffle.run
DA:17,0
DA:21,0
DA:24,5
FN:24,DeployRaffle.deployContract
FNDA:5,DeployRaffle.deployContract
DA:26,5
DA:27,5
DA:29,5
BRDA:29,0,0,5
DA:30,5
DA:31,5
DA:33,5
DA:34,5
DA:36,5
DA:37,5
DA:45,5
DA:47,5
DA:48,5
DA:50,5
FNF:3
FNH:1
LF:18
LH:14
BRF:1
BRH:1
end_of_record
TN:
SF:script/HelperConfig.s.sol
DA:34,5
FN:34,HelperConfig.constructor
FNDA:5,HelperConfig.constructor
DA:35,5
DA:38,10
FN:38,HelperConfig.getConfig
FNDA:10,HelperConfig.getConfig
DA:39,10
DA:42,0
FN:42,HelperConfig.getConfigByChainId
FNDA:0,HelperConfig.getConfigByChainId
DA:45,10
BRDA:45,0,0,-
BRDA:45,0,1,-
DA:46,0
DA:47,10
BRDA:47,1,0,10
BRDA:47,1,1,-
DA:48,10
DA:50,0
DA:54,5
FN:54,HelperConfig.getSepoliaEthConfig
FNDA:5,HelperConfig.getSepoliaEthConfig
DA:55,5
DA:68,0
FN:68,HelperConfig.getOrCreateAnvilEthConfig
FNDA:0,HelperConfig.getOrCreateAnvilEthConfig
DA:69,10
BRDA:69,2,0,5
DA:70,5
DA:73,5
DA:74,5
DA:79,5
DA:80,5
DA:82,5
DA:92,5
FNF:5
FNH:3
LF:21
LH:17
BRF:5
BRH:2
end_of_record
TN:
SF:script/Interactions.s.sol
DA:14,0
FN:14,CreateSubscription.createSubscriptionUsingConfig
FNDA:0,CreateSubscription.createSubscriptionUsingConfig
DA:16,0
DA:17,0
DA:18,0
DA:20,0
DA:23,5
FN:23,CreateSubscription.createSubscription
FNDA:5,CreateSubscription.createSubscription
DA:24,5
DA:25,5
DA:26,5
DA:27,5
DA:28,5
DA:30,5
DA:33,0
FN:33,CreateSubscription.run
FNDA:0,CreateSubscription.run
DA:34,0
DA:39,5
FN:39,AddConsumer.addConsumer
FNDA:5,AddConsumer.addConsumer
DA:40,5
DA:41,5
DA:42,5
DA:43,5
DA:44,5
DA:45,5
DA:48,0
FN:48,AddConsumer.addConsumerUsingConfig
FNDA:0,AddConsumer.addConsumerUsingConfig
DA:49,0
DA:50,0
DA:51,0
DA:52,0
DA:54,0
DA:57,0
FN:57,AddConsumer.run
FNDA:0,AddConsumer.run
DA:58,0
DA:59,0
DA:66,0
FN:66,FundSubscription.fundSubscriptionUsingConfig
FNDA:0,FundSubscription.fundSubscriptionUsingConfig
DA:67,0
DA:68,0
DA:69,0
DA:70,0
DA:71,0
BRDA:71,0,0,-
DA:72,0
DA:73,0
DA:74,0
DA:75,0
DA:76,0
DA:78,0
DA:82,5
FN:82,FundSubscription.fundSubscription
FNDA:5,FundSubscription.fundSubscription
DA:83,5
DA:84,5
DA:85,5
DA:87,5
BRDA:87,1,0,5
BRDA:87,1,1,-
DA:88,5
DA:89,5
DA:90,5
DA:92,0
DA:93,0
DA:94,0
DA:98,0
FN:98,FundSubscription.run
FNDA:0,FundSubscription.run
DA:99,0
FNF:9
FNH:3
LF:55
LH:22
BRF:3
BRH:1
end_of_record
TN:
SF:src/Raffle.sol
DA:66,5
FN:66,Raffle.constructor
FNDA:5,Raffle.constructor
DA:74,5
DA:75,5
DA:76,5
DA:77,5
DA:78,5
DA:80,5
DA:81,5
DA:84,5
FN:84,Raffle.enterRaffle
FNDA:5,Raffle.enterRaffle
DA:85,5
BRDA:85,0,0,1
DA:86,1
DA:88,4
BRDA:88,1,0,1
DA:89,1
DA:92,3
DA:94,3
DA:97,0
FN:97,Raffle.checkUpkeep
FNDA:0,Raffle.checkUpkeep
DA:100,1
DA:101,1
DA:102,1
DA:103,1
DA:105,1
DA:108,1
FN:108,Raffle.performUpkeep
FNDA:1,Raffle.performUpkeep
DA:109,1
DA:110,1
BRDA:110,2,0,-
DA:111,0
DA:114,1
DA:116,1
DA:128,1
DA:131,0
FN:131,Raffle.fulfillRandomWords
FNDA:0,Raffle.fulfillRandomWords
DA:135,0
DA:137,0
DA:138,0
DA:140,0
DA:142,0
DA:144,0
DA:145,0
BRDA:145,3,0,-
DA:148,0
FN:148,Raffle.getEntranceFee
FNDA:0,Raffle.getEntranceFee
DA:149,0
DA:152,1
FN:152,Raffle.getRaffleState
FNDA:1,Raffle.getRaffleState
DA:153,1
DA:156,1
FN:156,Raffle.getPlayer
FNDA:1,Raffle.getPlayer
DA:157,1
FNF:8
FNH:5
LF:42
LH:30
BRF:4
BRH:2
end_of_record
TN:
SF:test/Counter.t.sol
DA:10,0
FN:10,CounterTest.setUp
FNDA:0,CounterTest.setUp
FNF:1
FNH:0
LF:1
LH:0
BRF:0
BRH:0
end_of_record
TN:
SF:test/mocks/LinkToken.sol
DA:15,5
FN:15,LinkToken.constructor
FNDA:5,LinkToken.constructor
DA:16,5
DA:19,0
FN:19,LinkToken.mint
FNDA:0,LinkToken.mint
DA:20,0
DA:31,0
FN:31,LinkToken.transferAndCall
FNDA:0,LinkToken.transferAndCall
DA:32,0
DA:34,0
DA:35,0
BRDA:35,0,0,-
DA:36,0
DA:38,0
DA:43,0
FN:43,LinkToken.contractFallback
FNDA:0,LinkToken.contractFallback
DA:44,0
DA:45,0
DA:48,0
FN:48,LinkToken.isContract
FNDA:0,LinkToken.isContract
DA:49,0
DA:51,0
DA:53,0
FNF:5
FNH:1
LF:17
LH:2
BRF:1
BRH:0
end_of_record
